[32m2021-06-08 13:47:22[0m - dagster - [34mDEBUG[0m - calatog_main - de001827-5251-4ec6-8496-83f4260524fb - 4686 - dates_accuracy - LOGS_CAPTURED - Started capturing logs for solid: dates_accuracy.
[32m2021-06-08 13:47:23[0m - dagster - [34mDEBUG[0m - calatog_main - de001827-5251-4ec6-8496-83f4260524fb - 4686 - dates_accuracy - STEP_START - Started execution of step "dates_accuracy".
[32m2021-06-08 13:47:23[0m - dagster - [34mDEBUG[0m - calatog_main - de001827-5251-4ec6-8496-83f4260524fb - 4686 - dates_accuracy - LOADED_INPUT - Loaded input "df" using input manager "io_manager", from output "result" of step "extract_dimensions"
[32m2021-06-08 13:47:24[0m - dagster - [34mDEBUG[0m - calatog_main - de001827-5251-4ec6-8496-83f4260524fb - 4686 - dates_accuracy - STEP_INPUT - Got input "df" of type "Any". (Type check passed).
[32m2021-06-08 13:47:26[0m - dagster - [34mERROR[0m - [31mcalatog_main - de001827-5251-4ec6-8496-83f4260524fb - 4686 - dates_accuracy - STEP_FAILURE - Execution of step "dates_accuracy" failed.

dagster.core.errors.DagsterExecutionStepExecutionError: Error occurred while executing solid "dates_accuracy"::

TypeError: Cannot perform 'rand_' with a dtyped [bool] array and scalar of type [bool]

Stack Trace:
  File "/home/pitanga/.local/share/virtualenvs/situated-views-XI40jPuu/lib/python3.8/site-packages/dagster/core/execution/plan/utils.py", line 42, in solid_execution_error_boundary
    yield
  File "/home/pitanga/.local/share/virtualenvs/situated-views-XI40jPuu/lib/python3.8/site-packages/dagster/utils/__init__.py", line 382, in iterate_with_context
    next_output = next(iterator)
  File "/home/pitanga/.local/share/virtualenvs/situated-views-XI40jPuu/lib/python3.8/site-packages/dagster/core/execution/plan/compute.py", line 126, in execute_core_compute
    for step_output in _yield_compute_results(step_context, inputs, compute_fn):
  File "/home/pitanga/.local/share/virtualenvs/situated-views-XI40jPuu/lib/python3.8/site-packages/dagster/core/execution/plan/compute.py", line 92, in _yield_compute_results
    user_event_generator = compute_fn(SolidExecutionContext(step_context), inputs)
  File "/home/pitanga/.local/share/virtualenvs/situated-views-XI40jPuu/lib/python3.8/site-packages/dagster/core/definitions/decorators/solid.py", line 329, in compute
    result = fn(context, **kwargs) if context_arg_provided else fn(**kwargs)
  File "/mnt/d/IMS/situated-views/bin/solids/catalog_new.py", line 150, in dates_accuracy
    df.loc[df["date_accuracy"] == "circa" & startna, "start_date"] = df["date"] - pd.DateOffset(years=5)
  File "/home/pitanga/.local/share/virtualenvs/situated-views-XI40jPuu/lib/python3.8/site-packages/pandas/core/ops/common.py", line 65, in new_method
    return method(self, other)
  File "/home/pitanga/.local/share/virtualenvs/situated-views-XI40jPuu/lib/python3.8/site-packages/pandas/core/arraylike.py", line 63, in __rand__
    return self._logical_method(other, roperator.rand_)
  File "/home/pitanga/.local/share/virtualenvs/situated-views-XI40jPuu/lib/python3.8/site-packages/pandas/core/series.py", line 4989, in _logical_method
    res_values = ops.logical_op(lvalues, rvalues, op)
  File "/home/pitanga/.local/share/virtualenvs/situated-views-XI40jPuu/lib/python3.8/site-packages/pandas/core/ops/array_ops.py", line 355, in logical_op
    res_values = na_logical_op(lvalues, rvalues, op)
  File "/home/pitanga/.local/share/virtualenvs/situated-views-XI40jPuu/lib/python3.8/site-packages/pandas/core/ops/array_ops.py", line 288, in na_logical_op
    raise TypeError(

The above exception was the direct cause of the following exception:
ValueError: Buffer dtype mismatch, expected 'Python object' but got 'bool'

Stack Trace:
  File "/home/pitanga/.local/share/virtualenvs/situated-views-XI40jPuu/lib/python3.8/site-packages/pandas/core/ops/array_ops.py", line 279, in na_logical_op
    result = libops.scalar_binop(x, y, op)
  File "pandas/_libs/ops.pyx", line 176, in pandas._libs.ops.scalar_binop
[0m
