[32m2021-07-22 12:39:16[0m - dagster - [34mDEBUG[0m - apis_pipeline - f1583201-fb7f-47a3-ad6c-2c15859a74f1 - 585 - portals_dataframe - LOGS_CAPTURED - Started capturing logs for solid: portals_dataframe.
[32m2021-07-22 12:39:17[0m - dagster - [34mDEBUG[0m - apis_pipeline - f1583201-fb7f-47a3-ad6c-2c15859a74f1 - 585 - portals_dataframe - STEP_START - Started execution of step "portals_dataframe".
[32m2021-07-22 12:39:17[0m - dagster - [34mDEBUG[0m - apis_pipeline - f1583201-fb7f-47a3-ad6c-2c15859a74f1 - 585 - portals_dataframe - LOADED_INPUT - Loaded input "results" using input manager "io_manager", from output "result" of step "query_portals"
[32m2021-07-22 12:39:17[0m - dagster - [34mDEBUG[0m - apis_pipeline - f1583201-fb7f-47a3-ad6c-2c15859a74f1 - 585 - portals_dataframe - STEP_INPUT - Got input "results" of type "Any". (Type check passed).
[32m2021-07-22 12:39:18[0m - dagster - [34mERROR[0m - [31mapis_pipeline - f1583201-fb7f-47a3-ad6c-2c15859a74f1 - 585 - portals_dataframe - STEP_FAILURE - Execution of step "portals_dataframe" failed.

dagster.core.errors.DagsterExecutionStepExecutionError: Error occurred while executing solid "portals_dataframe"::

KeyError: 'portals_id'

Stack Trace:
  File "/home/pitanga/.local/share/virtualenvs/situated-views-etl-KhhASCmw/lib/python3.6/site-packages/dagster/core/execution/plan/utils.py", line 42, in solid_execution_error_boundary
    yield
  File "/home/pitanga/.local/share/virtualenvs/situated-views-etl-KhhASCmw/lib/python3.6/site-packages/dagster/utils/__init__.py", line 383, in iterate_with_context
    next_output = next(iterator)
  File "/home/pitanga/.local/share/virtualenvs/situated-views-etl-KhhASCmw/lib/python3.6/site-packages/dagster/core/execution/plan/compute_generator.py", line 65, in _coerce_solid_compute_fn_to_iterator
    result = fn(context, **kwargs) if context_arg_provided else fn(**kwargs)
  File "/mnt/e/situated-views-etl/solids/apis.py", line 219, in portals_dataframe
    dataframe["portals_id"] = dataframe["portals_id"].astype(str)
  File "/home/pitanga/.local/share/virtualenvs/situated-views-etl-KhhASCmw/lib/python3.6/site-packages/pandas/core/frame.py", line 2906, in __getitem__
    indexer = self.columns.get_loc(key)
  File "/home/pitanga/.local/share/virtualenvs/situated-views-etl-KhhASCmw/lib/python3.6/site-packages/pandas/core/indexes/base.py", line 2900, in get_loc
    raise KeyError(key) from err

The above exception was the direct cause of the following exception:
KeyError: 'portals_id'

Stack Trace:
  File "/home/pitanga/.local/share/virtualenvs/situated-views-etl-KhhASCmw/lib/python3.6/site-packages/pandas/core/indexes/base.py", line 2898, in get_loc
    return self._engine.get_loc(casted_key)
  File "pandas/_libs/index.pyx", line 70, in pandas._libs.index.IndexEngine.get_loc
  File "pandas/_libs/index.pyx", line 101, in pandas._libs.index.IndexEngine.get_loc
  File "pandas/_libs/hashtable_class_helper.pxi", line 1675, in pandas._libs.hashtable.PyObjectHashTable.get_item
  File "pandas/_libs/hashtable_class_helper.pxi", line 1683, in pandas._libs.hashtable.PyObjectHashTable.get_item
[0m
